Build started...
1>------ Build started: Project: Prog54d, Configuration: Debug Any CPU ------
1>C:\Users\dougherty.l\Desktop\Programming-2\CSharp\Prog54d\Program.cs(4,63,4,64): error CS1026: ) expected
1>Done building project "Prog54d.csproj" -- FAILED.
========== Build: 0 succeeded, 1 failed, 0 up-to-date, 0 skipped ==========
